ComponentView.body: -: ()
ComponentView.body: WithViewStore<ComponentState, ComponentAction, _>@SwiftUIBodies/ContentView.swift:53 (Initial state)
  ComponentState(
    message: "X",
    changesCount: 0
  )
ComponentView.body: viewStore.message: X
ComponentView: unchanged.
ComponentView.body: viewStore: 0x600002c294c0
PlainText.init(_:): self: PlainText(text: (Function))
PlainText.init(_:): self: PlainText(text: (Function))
FancyTextWrapper.init(content:): self: FancyTextWrapper(content: (Function))
PlainText.init(_:): self: PlainText(text: (Function))
PlainTextWithTag<String>.init(_:_:): self: PlainTextWithTag<String>(tag: "X", text: (Function))
PlainTextWithTag<String>.init(_:_:): self: PlainTextWithTag<String>(tag: "X", text: (Function))
FancyWrapper<Text>.init(content:): self: FancyWrapper<Text>(content: (Function))
PlainText: @self changed.
PlainText: @self changed.
FancyTextWrapper: @self changed.
PlainText: @self changed.
PlainTextWithTag: @self changed.
PlainTextWithTag: @self changed.
FancyWrapper: @self changed.

=== Triggering Change: 1 ===

ComponentView.body: WithViewStore<ComponentState, ComponentAction, _>@SwiftUIBodies/ContentView.swift:53 (Changed state)
  ComponentState(
-   message: "X",
+   message: "XX",
-   changesCount: 0
+   changesCount: 1
  )
ComponentView.body: viewStore.message: XX
ComponentView: unchanged.
ComponentView.body: viewStore: 0x600002c294c0
PlainText.init(_:): self: PlainText(text: (Function))
PlainText.init(_:): self: PlainText(text: (Function))
FancyTextWrapper.init(content:): self: FancyTextWrapper(content: (Function))
PlainText.init(_:): self: PlainText(text: (Function))
PlainTextWithTag<String>.init(_:_:): self: PlainTextWithTag<String>(tag: "XX", text: (Function))
PlainTextWithTag<String>.init(_:_:): self: PlainTextWithTag<String>(tag: "XX", text: (Function))
FancyWrapper<Text>.init(content:): self: FancyWrapper<Text>(content: (Function))
FancyWrapper: @self changed.
PlainTextWithTag: @self changed.
PlainTextWithTag: @self changed.
PlainText: @self changed.

=== Triggering Change: 2 ===

ComponentView.body: WithViewStore<ComponentState, ComponentAction, _>@SwiftUIBodies/ContentView.swift:53 (Changed state)
  ComponentState(
-   message: "XX",
+   message: "XXX",
-   changesCount: 1
+   changesCount: 2
  )
ComponentView.body: viewStore.message: XXX
ComponentView: unchanged.
ComponentView.body: viewStore: 0x600002c294c0
PlainText.init(_:): self: PlainText(text: (Function))
PlainText.init(_:): self: PlainText(text: (Function))
FancyTextWrapper.init(content:): self: FancyTextWrapper(content: (Function))
PlainText.init(_:): self: PlainText(text: (Function))
PlainTextWithTag<String>.init(_:_:): self: PlainTextWithTag<String>(tag: "XXX", text: (Function))
PlainTextWithTag<String>.init(_:_:): self: PlainTextWithTag<String>(tag: "XXX", text: (Function))
FancyWrapper<Text>.init(content:): self: FancyWrapper<Text>(content: (Function))
FancyWrapper: @self changed.
PlainTextWithTag: @self changed.
PlainTextWithTag: @self changed.
PlainText: @self changed.

=== Triggering Change: 3 ===

ComponentView.body: WithViewStore<ComponentState, ComponentAction, _>@SwiftUIBodies/ContentView.swift:53 (Changed state)
  ComponentState(
-   message: "XXX",
+   message: "XXXX",
-   changesCount: 2
+   changesCount: 3
  )
ComponentView.body: viewStore.message: XXXX
ComponentView: unchanged.
ComponentView.body: viewStore: 0x600002c294c0
PlainText.init(_:): self: PlainText(text: (Function))
PlainText.init(_:): self: PlainText(text: (Function))
FancyTextWrapper.init(content:): self: FancyTextWrapper(content: (Function))
PlainText.init(_:): self: PlainText(text: (Function))
PlainTextWithTag<String>.init(_:_:): self: PlainTextWithTag<String>(tag: "XXXX", text: (Function))
PlainTextWithTag<String>.init(_:_:): self: PlainTextWithTag<String>(tag: "XXXX", text: (Function))
FancyWrapper<Text>.init(content:): self: FancyWrapper<Text>(content: (Function))
FancyWrapper: @self changed.
PlainTextWithTag: @self changed.
PlainTextWithTag: @self changed.
PlainText: @self changed.

=== Triggering Change: 4 ===

ComponentView.body: WithViewStore<ComponentState, ComponentAction, _>@SwiftUIBodies/ContentView.swift:53 (Changed state)
  ComponentState(
-   message: "XXXX",
+   message: "XXXXX",
-   changesCount: 3
+   changesCount: 4
  )
ComponentView.body: viewStore.message: XXXXX
ComponentView: unchanged.
ComponentView.body: viewStore: 0x600002c294c0
PlainText.init(_:): self: PlainText(text: (Function))
PlainText.init(_:): self: PlainText(text: (Function))
FancyTextWrapper.init(content:): self: FancyTextWrapper(content: (Function))
PlainText.init(_:): self: PlainText(text: (Function))
PlainTextWithTag<String>.init(_:_:): self: PlainTextWithTag<String>(tag: "XXXXX", text: (Function))
PlainTextWithTag<String>.init(_:_:): self: PlainTextWithTag<String>(tag: "XXXXX", text: (Function))
FancyWrapper<Text>.init(content:): self: FancyWrapper<Text>(content: (Function))
FancyWrapper: @self changed.
PlainTextWithTag: @self changed.
PlainTextWithTag: @self changed.
PlainText: @self changed.

=== Triggering Change: 5 ===

ComponentView.body: WithViewStore<ComponentState, ComponentAction, _>@SwiftUIBodies/ContentView.swift:53 (Changed state)
  ComponentState(
-   message: "XXXXX",
+   message: "XXXXXX",
-   changesCount: 4
+   changesCount: 5
  )
ComponentView.body: viewStore.message: XXXXXX
ComponentView: unchanged.
ComponentView.body: viewStore: 0x600002c294c0
PlainText.init(_:): self: PlainText(text: (Function))
PlainText.init(_:): self: PlainText(text: (Function))
FancyTextWrapper.init(content:): self: FancyTextWrapper(content: (Function))
PlainText.init(_:): self: PlainText(text: (Function))
PlainTextWithTag<String>.init(_:_:): self: PlainTextWithTag<String>(tag: "XXXXXX", text: (Function))
PlainTextWithTag<String>.init(_:_:): self: PlainTextWithTag<String>(tag: "XXXXXX", text: (Function))
FancyWrapper<Text>.init(content:): self: FancyWrapper<Text>(content: (Function))
FancyWrapper: @self changed.
PlainTextWithTag: @self changed.
PlainTextWithTag: @self changed.
PlainText: @self changed.
